2018-07-01 04:58:45,163 [1] INFO  Charon.Program - Started at 'C:\Users\kwan\Documents\GitHub\game-project' with arguments 'SERVE C:\Users\kwan\Documents\GitHub\game-project\Assets\Editor\GameDevWare.Charon\GameData.gdjs --port 19859 --watchPid 7204 --lockFile C:\Users\kwan\Documents\GitHub\game-project\Library\Charon\Charon.lock --environment Unity --extensions None --scriptAssemblies C:\Users\kwan\Documents\GitHub\game-project\Library\ScriptAssemblies\Assembly-CSharp-Editor.dll C:\Users\kwan\Documents\GitHub\game-project\Library\ScriptAssemblies\Assembly-CSharp.dll'.
2018-07-01 04:58:45,171 [1] INFO  Charon.Program - Product Name: Charon.
2018-07-01 04:58:45,171 [1] INFO  Charon.Program - Product Version: 2018.2.1.0.
2018-07-01 04:58:45,171 [1] INFO  Charon.Program - Current Directory: C:\Users\kwan\Documents\GitHub\game-project.
2018-07-01 04:58:45,171 [1] INFO  Charon.Program - Application Data Path: C:\Users\kwan\Documents\GitHub\game-project\Library\Charon\Users\kwan.
2018-07-01 04:58:45,171 [1] INFO  Charon.Program - Key Storage Path: C:\Users\kwan\Documents\GitHub\game-project\Library\Charon\Users\kwan\Keys\.
2018-07-01 04:58:45,171 [1] INFO  Charon.Program - Server Address: https://gamedevware.com/service/api/.
2018-07-01 04:58:45,171 [1] INFO  Charon.Program - UI Language: .
2018-07-01 04:58:45,171 [1] INFO  Charon.Program - Allow Prompt: True.
2018-07-01 04:58:45,223 [1] INFO  Charon.Program - Machine: K
2018-07-01 04:58:45,223 [1] INFO  Charon.Program - Network MACs: 6476baa13b2a(Wireless80211)
2018-07-01 04:58:45,223 [1] INFO  Charon.Program - Network IPs: 2602:306:8b09:96b0::3f0
2018-07-01 04:58:45,223 [1] INFO  Charon.Program - Network DNSs: , attlocal.net
2018-07-01 04:58:45,223 [1] INFO  Charon.Program - User: kwan
2018-07-01 04:58:45,223 [1] INFO  Charon.Program - Domain Name: k
2018-07-01 04:58:45,223 [1] INFO  Charon.Program - Operating System: Microsoft Windows NT 6.2.9200.0
2018-07-01 04:58:45,223 [1] INFO  Charon.Program - Is 64-bit OS: True
2018-07-01 04:58:45,223 [1] INFO  Charon.Program - Is 64-bit Process: False
2018-07-01 04:58:45,223 [1] INFO  Charon.Program - Processor Count: 4
2018-07-01 04:58:45,223 [1] INFO  Charon.Program - Device Hash: 9daf6a47292d9da43a351d846792594b
2018-07-01 04:58:45,223 [1] INFO  Charon.Program - Is Mono Runtime: False
2018-07-01 04:58:45,223 [1] INFO  Charon.Program - CLR Version: 4.0.30319.42000
2018-07-01 04:58:46,614 [1] DEBUG Pluto.Messaging.Channels.Http.HttpChannel - Listening 'http://localhost:19859/' endpoints, prefixes are 'http://localhost:19859/'.
2018-07-01 04:58:46,765 [1] INFO  Charon.DataApplication - Route 'MessageChannelPushHandler' with 'channel/{channelId}/{*path}' is registered.
2018-07-01 04:58:46,765 [1] INFO  Charon.DataApplication - Route 'HttpRoute' with 'ws/{channelId}/{*path}' is registered.
2018-07-01 04:58:46,765 [1] INFO  Charon.DataApplication - Route 'EmbeddedResourceFileHandler' with 'app/{*path}' is registered.
2018-07-01 04:58:46,765 [1] INFO  Charon.DataApplication - Route 'HttpRoute' with 'data/documents/{entityName}/{*path}' is registered.
2018-07-01 04:58:46,765 [1] INFO  Charon.DataApplication - Route 'HttpRoute' with 'data/{controller}/{action}/{*path}' is registered.
2018-07-01 04:58:46,765 [1] INFO  Charon.DataApplication - Route 'HttpRoute' with 'api/{controller}/{action}.{ext}/{*path}' is registered.
2018-07-01 04:58:46,765 [1] INFO  Charon.DataApplication - Route 'HttpRoute' with 'api/{controller}/{action}/{*path}' is registered.
2018-07-01 04:58:46,765 [1] INFO  Charon.DataApplication - Route 'HttpRoute' with 'resources/{action}/{*path}' is registered.
2018-07-01 04:58:46,765 [1] INFO  Charon.DataApplication - Route 'IndexHtmlHandler' with '{*path}' is registered.
2018-07-01 04:58:46,834 [1] DEBUG Pluto.Meshing.MeshServer - is constructed.
2018-07-01 04:58:47,916 [3] INFO  Charon.Services.DataSourceService - Loading data from file 'C:\Users\kwan\Documents\GitHub\game-project\Assets\Editor\GameDevWare.Charon\GameData.gdjs'.
2018-07-01 04:58:47,961 [3] INFO  Charon.Services.DataSourceService - Data loading from file 'C:\Users\kwan\Documents\GitHub\game-project\Assets\Editor\GameDevWare.Charon\GameData.gdjs' is complete.
2018-07-01 04:59:31,791 [5] INFO  Charon.DataSources.FileDataSource - A change 'EntityUpdate, entity: 5b371fb1cab7e61d60d27fe6' has been applied.
2018-07-01 04:59:31,853 [5] INFO  Charon.DataSources.FileDataSource - A change 'EntitySetDescription, entity: 5b371fb1cab7e61d60d27fe6, description: ' has been applied.
2018-07-01 04:59:31,858 [5] INFO  Charon.DataSources.FileDataSource - A change 'Update, entity: 18d4bf318f3c49688087dbed, id: '5b371fb1cab7e61d60d27fe6', modified: 5b371fb1cab7e61d60d27fe6' has been applied.
2018-07-01 04:59:31,867 [5] INFO  Charon.DataSources.FileDataSource - A change 'Update, entity: 18d4bf318f3c49688087dbed, id: '5b371fb1cab7e61d60d27fe6', modified: 5b371fb1cab7e61d60d27fe6' has been applied.
2018-07-01 06:17:22,503 [76] INFO  Charon.DataSources.FileDataSource - Saving data to temporary file 'C:\Users\kwan\Documents\GitHub\game-project\Assets\Editor\GameDevWare.Charon\GameData.gdjs.tmp'.
2018-07-01 06:17:22,515 [76] INFO  Charon.DataSources.FileDataSource - Replacing 'C:\Users\kwan\Documents\GitHub\game-project\Assets\Editor\GameDevWare.Charon\GameData.gdjs' with file 'C:\Users\kwan\Documents\GitHub\game-project\Assets\Editor\GameDevWare.Charon\GameData.gdjs.tmp'.
2018-07-01 06:17:22,516 [79] INFO  Charon.DataSources.FileDataSource - Trying to replace 'C:\Users\kwan\Documents\GitHub\game-project\Assets\Editor\GameDevWare.Charon\GameData.gdjs' with file 'C:\Users\kwan\Documents\GitHub\game-project\Assets\Editor\GameDevWare.Charon\GameData.gdjs.tmp'. Attempt #1.
2018-07-01 06:17:22,517 [76] INFO  Charon.DataSources.FileDataSource - Transaction (id: 5b380172cab7e60afc131272, Has Changes: True, Changed Documents: 1) was committed.
2018-07-01 06:17:22,521 [79] INFO  Charon.DataSources.FileDataSource - Data was successfully saved to 'C:\Users\kwan\Documents\GitHub\game-project\Assets\Editor\GameDevWare.Charon\GameData.gdjs'.
2018-07-01 08:53:36,927 [70] WARN  Charon.Services.Channel - An error occurred while receiving WebSocket message: The remote party closed the WebSocket connection without completing the close handshake.
2018-07-08 22:30:58,402 [9] FATAL Charon.Program - System.CannotUnloadAppDomainException: 卸載 AppDomain 時發生錯誤。 (發生例外狀況於 HRESULT: 0x80131015)
   at System.AppDomain.Unload(AppDomain domain)
   at Charon.Program.<>c.<Serve>b__17_3(Object state)
   at System.Threading.ThreadHelper.ThreadStart_Context(Object state)
   at System.Threading.ExecutionContext.RunInternal(ExecutionContext executionContext, ContextCallback callback, Object state, Boolean preserveSyncCtx)
   at System.Threading.ExecutionContext.Run(ExecutionContext executionContext, ContextCallback callback, Object state, Boolean preserveSyncCtx)
   at System.Threading.ExecutionContext.Run(ExecutionContext executionContext, ContextCallback callback, Object state)
   at System.Threading.ThreadHelper.ThreadStart(Object obj)
2018-07-08 22:30:58,729 [9] ERROR Charon.Program - An unhandled exception occurred.
System.CannotUnloadAppDomainException: 卸載 AppDomain 時發生錯誤。 (發生例外狀況於 HRESULT: 0x80131015)
   at System.AppDomain.Unload(AppDomain domain)
   at Charon.Program.<>c.<Serve>b__17_3(Object state)
   at System.Threading.ThreadHelper.ThreadStart_Context(Object state)
   at System.Threading.ExecutionContext.RunInternal(ExecutionContext executionContext, ContextCallback callback, Object state, Boolean preserveSyncCtx)
   at System.Threading.ExecutionContext.Run(ExecutionContext executionContext, ContextCallback callback, Object state, Boolean preserveSyncCtx)
   at System.Threading.ExecutionContext.Run(ExecutionContext executionContext, ContextCallback callback, Object state)
   at System.Threading.ThreadHelper.ThreadStart(Object obj)
